::1 - - [10/May/2021:01:25:27 +0000] "GET /leaflet.html HTTP/1.1" 304 - "http://localhost:3000/" "Mozilla/5.0 (Windows NT 10.0; Win64; x64; rv:88.0) Gecko/20100101 Firefox/88.0"
::1 - - [10/May/2021:01:25:27 +0000] "GET /js/lealfet.js HTTP/1.1" 304 - "http://localhost:3000/leaflet.html" "Mozilla/5.0 (Windows NT 10.0; Win64; x64; rv:88.0) Gecko/20100101 Firefox/88.0"
::1 - - [10/May/2021:01:25:27 +0000] "GET /css/style.css HTTP/1.1" 304 - "http://localhost:3000/leaflet.html" "Mozilla/5.0 (Windows NT 10.0; Win64; x64; rv:88.0) Gecko/20100101 Firefox/88.0"
::1 - - [10/May/2021:01:25:27 +0000] "GET /css/materialize.css HTTP/1.1" 304 - "http://localhost:3000/leaflet.html" "Mozilla/5.0 (Windows NT 10.0; Win64; x64; rv:88.0) Gecko/20100101 Firefox/88.0"
::1 - - [10/May/2021:01:25:28 +0000] "GET /quokkaNews HTTP/1.1" 304 - "http://localhost:3000/leaflet.html" "Mozilla/5.0 (Windows NT 10.0; Win64; x64; rv:88.0) Gecko/20100101 Firefox/88.0"
::1 - - [10/May/2021:01:25:29 +0000] "GET /quokkaData HTTP/1.1" - - "http://localhost:3000/leaflet.html" "Mozilla/5.0 (Windows NT 10.0; Win64; x64; rv:88.0) Gecko/20100101 Firefox/88.0"
::1 - - [10/May/2021:01:25:29 +0000] "GET /species-cards.html HTTP/1.1" 304 - "http://localhost:3000/leaflet.html" "Mozilla/5.0 (Windows NT 10.0; Win64; x64; rv:88.0) Gecko/20100101 Firefox/88.0"
::1 - - [10/May/2021:01:25:29 +0000] "GET /species-cards.html HTTP/1.1" 304 - "http://localhost:3000/species-cards.html" "Mozilla/5.0 (Windows NT 10.0; Win64; x64; rv:88.0) Gecko/20100101 Firefox/88.0"
::1 - - [10/May/2021:01:25:29 +0000] "GET /css/materialize.css HTTP/1.1" 304 - "http://localhost:3000/species-cards.html" "Mozilla/5.0 (Windows NT 10.0; Win64; x64; rv:88.0) Gecko/20100101 Firefox/88.0"
::1 - - [10/May/2021:01:25:29 +0000] "GET /css/style.css HTTP/1.1" 304 - "http://localhost:3000/species-cards.html" "Mozilla/5.0 (Windows NT 10.0; Win64; x64; rv:88.0) Gecko/20100101 Firefox/88.0"
::1 - - [10/May/2021:01:25:29 +0000] "GET /assets/kanga.jpg HTTP/1.1" 304 - "http://localhost:3000/species-cards.html" "Mozilla/5.0 (Windows NT 10.0; Win64; x64; rv:88.0) Gecko/20100101 Firefox/88.0"
::1 - - [10/May/2021:01:25:29 +0000] "GET /species-cards.html HTTP/1.1" 304 - "http://localhost:3000/species-cards.html" "Mozilla/5.0 (Windows NT 10.0; Win64; x64; rv:88.0) Gecko/20100101 Firefox/88.0"
::1 - - [10/May/2021:01:25:29 +0000] "GET /assets/quokka-long.png HTTP/1.1" 304 - "http://localhost:3000/species-cards.html" "Mozilla/5.0 (Windows NT 10.0; Win64; x64; rv:88.0) Gecko/20100101 Firefox/88.0"
::1 - - [10/May/2021:01:25:43 +0000] "GET / HTTP/1.1" 304 - "http://localhost:3000/species-cards.html" "Mozilla/5.0 (Windows NT 10.0; Win64; x64; rv:88.0) Gecko/20100101 Firefox/88.0"
::1 - - [10/May/2021:01:25:43 +0000] "GET /css/materialize.css HTTP/1.1" 304 - "http://localhost:3000/" "Mozilla/5.0 (Windows NT 10.0; Win64; x64; rv:88.0) Gecko/20100101 Firefox/88.0"
::1 - - [10/May/2021:01:25:43 +0000] "GET /css/style.css HTTP/1.1" 304 - "http://localhost:3000/" "Mozilla/5.0 (Windows NT 10.0; Win64; x64; rv:88.0) Gecko/20100101 Firefox/88.0"
::1 - - [10/May/2021:01:25:43 +0000] "GET /js/init.js HTTP/1.1" 304 - "http://localhost:3000/" "Mozilla/5.0 (Windows NT 10.0; Win64; x64; rv:88.0) Gecko/20100101 Firefox/88.0"
::1 - - [10/May/2021:01:25:43 +0000] "GET /js/materialize.js HTTP/1.1" 304 - "http://localhost:3000/" "Mozilla/5.0 (Windows NT 10.0; Win64; x64; rv:88.0) Gecko/20100101 Firefox/88.0"
::1 - - [10/May/2021:01:25:43 +0000] "GET /assets/quokka-long.png HTTP/1.1" 304 - "http://localhost:3000/" "Mozilla/5.0 (Windows NT 10.0; Win64; x64; rv:88.0) Gecko/20100101 Firefox/88.0"
::1 - - [10/May/2021:01:25:45 +0000] "GET /leaflet.html HTTP/1.1" 304 - "http://localhost:3000/" "Mozilla/5.0 (Windows NT 10.0; Win64; x64; rv:88.0) Gecko/20100101 Firefox/88.0"
::1 - - [10/May/2021:01:25:45 +0000] "GET /js/lealfet.js HTTP/1.1" 304 - "http://localhost:3000/leaflet.html" "Mozilla/5.0 (Windows NT 10.0; Win64; x64; rv:88.0) Gecko/20100101 Firefox/88.0"
::1 - - [10/May/2021:01:25:45 +0000] "GET /css/materialize.css HTTP/1.1" 304 - "http://localhost:3000/leaflet.html" "Mozilla/5.0 (Windows NT 10.0; Win64; x64; rv:88.0) Gecko/20100101 Firefox/88.0"
::1 - - [10/May/2021:01:25:45 +0000] "GET /css/style.css HTTP/1.1" 304 - "http://localhost:3000/leaflet.html" "Mozilla/5.0 (Windows NT 10.0; Win64; x64; rv:88.0) Gecko/20100101 Firefox/88.0"
::1 - - [10/May/2021:01:25:45 +0000] "GET /quokkaNews HTTP/1.1" 304 - "http://localhost:3000/leaflet.html" "Mozilla/5.0 (Windows NT 10.0; Win64; x64; rv:88.0) Gecko/20100101 Firefox/88.0"
::1 - - [10/May/2021:01:25:46 +0000] "GET /quokkaData HTTP/1.1" - - "http://localhost:3000/leaflet.html" "Mozilla/5.0 (Windows NT 10.0; Win64; x64; rv:88.0) Gecko/20100101 Firefox/88.0"
::1 - - [10/May/2021:01:25:46 +0000] "GET /species-cards.html HTTP/1.1" 304 - "http://localhost:3000/leaflet.html" "Mozilla/5.0 (Windows NT 10.0; Win64; x64; rv:88.0) Gecko/20100101 Firefox/88.0"
::1 - - [10/May/2021:01:25:46 +0000] "GET /css/materialize.css HTTP/1.1" 304 - "http://localhost:3000/species-cards.html" "Mozilla/5.0 (Windows NT 10.0; Win64; x64; rv:88.0) Gecko/20100101 Firefox/88.0"
::1 - - [10/May/2021:01:25:46 +0000] "GET /css/style.css HTTP/1.1" 304 - "http://localhost:3000/species-cards.html" "Mozilla/5.0 (Windows NT 10.0; Win64; x64; rv:88.0) Gecko/20100101 Firefox/88.0"
::1 - - [10/May/2021:01:25:46 +0000] "GET /species-cards.html HTTP/1.1" 304 - "http://localhost:3000/species-cards.html" "Mozilla/5.0 (Windows NT 10.0; Win64; x64; rv:88.0) Gecko/20100101 Firefox/88.0"
::1 - - [10/May/2021:01:25:46 +0000] "GET /assets/quokka-long.png HTTP/1.1" 304 - "http://localhost:3000/species-cards.html" "Mozilla/5.0 (Windows NT 10.0; Win64; x64; rv:88.0) Gecko/20100101 Firefox/88.0"
::1 - - [10/May/2021:01:25:46 +0000] "GET /assets/kanga.jpg HTTP/1.1" 304 - "http://localhost:3000/species-cards.html" "Mozilla/5.0 (Windows NT 10.0; Win64; x64; rv:88.0) Gecko/20100101 Firefox/88.0"
::1 - - [10/May/2021:01:26:46 +0000] "GET / HTTP/1.1" 304 - "http://localhost:3000/species-cards.html" "Mozilla/5.0 (Windows NT 10.0; Win64; x64; rv:88.0) Gecko/20100101 Firefox/88.0"
::1 - - [10/May/2021:01:26:46 +0000] "GET /css/materialize.css HTTP/1.1" 304 - "http://localhost:3000/" "Mozilla/5.0 (Windows NT 10.0; Win64; x64; rv:88.0) Gecko/20100101 Firefox/88.0"
::1 - - [10/May/2021:01:26:46 +0000] "GET /js/init.js HTTP/1.1" 304 - "http://localhost:3000/" "Mozilla/5.0 (Windows NT 10.0; Win64; x64; rv:88.0) Gecko/20100101 Firefox/88.0"
::1 - - [10/May/2021:01:26:46 +0000] "GET /js/materialize.js HTTP/1.1" 304 - "http://localhost:3000/" "Mozilla/5.0 (Windows NT 10.0; Win64; x64; rv:88.0) Gecko/20100101 Firefox/88.0"
::1 - - [10/May/2021:01:26:46 +0000] "GET /css/style.css HTTP/1.1" 304 - "http://localhost:3000/" "Mozilla/5.0 (Windows NT 10.0; Win64; x64; rv:88.0) Gecko/20100101 Firefox/88.0"
::1 - - [10/May/2021:01:26:46 +0000] "GET /assets/quokka-long.png HTTP/1.1" 304 - "http://localhost:3000/" "Mozilla/5.0 (Windows NT 10.0; Win64; x64; rv:88.0) Gecko/20100101 Firefox/88.0"
::1 - - [10/May/2021:01:27:39 +0000] "GET /leaflet.html HTTP/1.1" 304 - "http://localhost:3000/" "Mozilla/5.0 (Windows NT 10.0; Win64; x64; rv:88.0) Gecko/20100101 Firefox/88.0"
::1 - - [10/May/2021:01:27:39 +0000] "GET /js/lealfet.js HTTP/1.1" 304 - "http://localhost:3000/leaflet.html" "Mozilla/5.0 (Windows NT 10.0; Win64; x64; rv:88.0) Gecko/20100101 Firefox/88.0"
::1 - - [10/May/2021:01:27:39 +0000] "GET /css/materialize.css HTTP/1.1" 304 - "http://localhost:3000/leaflet.html" "Mozilla/5.0 (Windows NT 10.0; Win64; x64; rv:88.0) Gecko/20100101 Firefox/88.0"
::1 - - [10/May/2021:01:27:39 +0000] "GET /css/style.css HTTP/1.1" 304 - "http://localhost:3000/leaflet.html" "Mozilla/5.0 (Windows NT 10.0; Win64; x64; rv:88.0) Gecko/20100101 Firefox/88.0"
::1 - - [10/May/2021:01:27:39 +0000] "GET /favicon.ico HTTP/1.1" - - "http://localhost:3000/leaflet.html" "Mozilla/5.0 (Windows NT 10.0; Win64; x64; rv:88.0) Gecko/20100101 Firefox/88.0"
::1 - - [10/May/2021:01:27:40 +0000] "GET /quokkaNews HTTP/1.1" 304 - "http://localhost:3000/leaflet.html" "Mozilla/5.0 (Windows NT 10.0; Win64; x64; rv:88.0) Gecko/20100101 Firefox/88.0"
